{"numFailedTestSuites":0,"numFailedTests":0,"numPassedTestSuites":1,"numPassedTests":15,"numPendingTestSuites":0,"numPendingTests":0,"numRuntimeErrorTestSuites":0,"numTodoTests":0,"numTotalTestSuites":1,"numTotalTests":15,"openHandles":[],"snapshot":{"added":0,"didUpdate":false,"failure":false,"filesAdded":0,"filesRemoved":0,"filesRemovedList":[],"filesUnmatched":0,"filesUpdated":0,"matched":0,"total":0,"unchecked":0,"uncheckedKeysByFile":[],"unmatched":0,"updated":0},"startTime":1638869791456,"success":true,"testResults":[{"assertionResults":[{"ancestorTitles":["Products Page"],"failureMessages":[],"fullName":"Products Page should have a header has logo with Link","location":null,"status":"passed","title":"should have a header has logo with Link"},{"ancestorTitles":["Products Page"],"failureMessages":[],"fullName":"Products Page should have login button route to login page","location":null,"status":"passed","title":"should have login button route to login page"},{"ancestorTitles":["Products Page"],"failureMessages":[],"fullName":"Products Page should have register button route to register page","location":null,"status":"passed","title":"should have register button route to register page"},{"ancestorTitles":["Products Page"],"failureMessages":[],"fullName":"Products Page should have a search bar","location":null,"status":"passed","title":"should have a search bar"},{"ancestorTitles":["Products Page"],"failureMessages":[],"fullName":"Products Page should make a GET request to load products","location":null,"status":"passed","title":"should make a GET request to load products"},{"ancestorTitles":["Products Page"],"failureMessages":[],"fullName":"Products Page shows items on the products page load","location":null,"status":"passed","title":"shows items on the products page load"},{"ancestorTitles":["Products Page"],"failureMessages":[],"fullName":"Products Page should make a GET request to search","location":null,"status":"passed","title":"should make a GET request to search"},{"ancestorTitles":["Products Page"],"failureMessages":[],"fullName":"Products Page should show all products if search empty","location":null,"status":"passed","title":"should show all products if search empty"},{"ancestorTitles":["Products Page"],"failureMessages":[],"fullName":"Products Page should show matching products if found","location":null,"status":"passed","title":"should show matching products if found"},{"ancestorTitles":["Products Page"],"failureMessages":[],"fullName":"Products Page should 'No Products Found' if search string does get any items","location":null,"status":"passed","title":"should 'No Products Found' if search string does get any items"},{"ancestorTitles":["Products Page"],"failureMessages":[],"fullName":"Products Page updates search items as search string updates","location":null,"status":"passed","title":"updates search items as search string updates"},{"ancestorTitles":["Products Page"],"failureMessages":[],"fullName":"Products Page debounces the searching API calls","location":null,"status":"passed","title":"debounces the searching API calls"},{"ancestorTitles":["Products Page: Logged in"],"failureMessages":[],"fullName":"Products Page: Logged in should have username & avatar in header","location":null,"status":"passed","title":"should have username & avatar in header"},{"ancestorTitles":["Products Page: Logged in"],"failureMessages":[],"fullName":"Products Page: Logged in should have logout button in header","location":null,"status":"passed","title":"should have logout button in header"},{"ancestorTitles":["Products Page: Logged in"],"failureMessages":[],"fullName":"Products Page: Logged in logout button should clear localstorage items","location":null,"status":"passed","title":"logout button should clear localstorage items"}],"endTime":1638869815638,"message":"","name":"/home/crio-user/workspace/muzammilaizaz-ME_QKART_FRONTEND_V2/src/__tests__/Products.test.js","startTime":1638869792600,"status":"passed","summary":""}],"wasInterrupted":false}